<?xml version="1.0" encoding="UTF-8"?>
<!-- Generated by org.testng.reporters.JUnitXMLReporter -->
<testsuite ignored="2" hostname="LAPTOP-O4NF5TBL" failures="0" tests="1" name="ChromeTest" time="38.082" errors="0" timestamp="2022-02-02T15:47:00 IST">
  <testcase classname="Test.pack.TestNGClass" name="toVarifyMessangerTab" time="8.375"/>
  <testcase classname="Test.pack.TestNGClass" name="toVarifyWatchTab" time="0.0">
    <ignored/>
  </testcase> <!-- toVarifyWatchTab -->
  <testcase classname="Test.pack.TestNGClass" name="toVarifyMarketTab" time="0.0">
    <ignored/>
  </testcase> <!-- toVarifyMarketTab -->
</testsuite> <!-- ChromeTest -->
