<?xml version="1.0" encoding="UTF-8"?>
<!-- Generated by org.testng.reporters.JUnitXMLReporter -->
<testsuite ignored="1" hostname="LAPTOP-O4NF5TBL" failures="1" tests="2" name="firefoxTest" time="66.646" errors="0" timestamp="2022-01-31T16:39:08 IST">
  <testcase classname="Test.pack.TestNGClass" name="toVarifyMarketTab" time="2.832"/>
  <testcase classname="Test.pack.TestNGClass" name="toVarifyMessangerTab" time="6.404">
    <failure type="org.openqa.selenium.ElementNotInteractableException" message="Element &amp;lt;div class=&amp;quot;oajrlxb2 qu0x051f esr5mh6w e9989ue4 r7d6kgcz nhd2j8a9 p7hjln8o kvgmc6g5 cxmmr5t8 oygrvhab hcukyx3x i1ao9s8h esuyzwwr f1sip0of abiwlrkh p8dawk7l lzcic4wl bp9cbjyn s45kfl79 emlxlaya bkmhp75w spb7xbtv rt8b4zig n8ej3o3l agehan2d sk4xxmp2 rq0escxv j83agx80 taijpn5t jb3vyjys rz4wbd8a qt6c0cv9 a8nywdso l9j0dhe7 qypqp5cg q676j6op tdjehn4e&amp;quot;&amp;gt; could not be scrolled into view
Build info: version: &amp;apos;4.1.0&amp;apos;, revision: &amp;apos;87802e897b&amp;apos;
System info: host: &amp;apos;LAPTOP-O4NF5TBL&amp;apos;, ip: &amp;apos;192.168.43.139&amp;apos;, os.name: &amp;apos;Windows 10&amp;apos;, os.arch: &amp;apos;amd64&amp;apos;, os.version: &amp;apos;10.0&amp;apos;, java.version: &amp;apos;16.0.1&amp;apos;
Driver info: org.openqa.selenium.firefox.FirefoxDriver
Command: [bb993e55-272d-40fa-997f-7296d8b1327c, clickElement {id=9fc864a4-3b5c-48ae-86be-248b86e0495b}]
Capabilities {acceptInsecureCerts: true, browserName: firefox, browserVersion: 96.0.2, javascriptEnabled: true, moz:accessibilityChecks: false, moz:buildID: 20220119190439, moz:debuggerAddress: localhost:60105, moz:geckodriverVersion: 0.30.0, moz:headless: false, moz:processID: 6204, moz:profile: C:\Users\reddy\AppData\Loca..., moz:shutdownTimeout: 60000, moz:useNonSpecCompliantPointerOrigin: false, moz:webdriverClick: true, pageLoadStrategy: normal, platform: WINDOWS, platformName: WINDOWS, platformVersion: 10.0, proxy: Proxy(), se:cdp: ws://localhost:60105/devtoo..., se:cdpVersion: 85, setWindowRect: true, strictFileInteractability: false, timeouts: {implicit: 0, pageLoad: 300000, script: 30000}, unhandledPromptBehavior: dismiss and notify}
Element: [[FirefoxDriver: firefox on WINDOWS (bb993e55-272d-40fa-997f-7296d8b1327c)] -&amp;gt; xpath: (//div[@aria-label=&amp;apos;Messenger&amp;apos;])[1]]
Session ID: bb993e55-272d-40fa-997f-7296d8b1327c">
      <![CDATA[org.openqa.selenium.ElementNotInteractableException: Element <div class="oajrlxb2 qu0x051f esr5mh6w e9989ue4 r7d6kgcz nhd2j8a9 p7hjln8o kvgmc6g5 cxmmr5t8 oygrvhab hcukyx3x i1ao9s8h esuyzwwr f1sip0of abiwlrkh p8dawk7l lzcic4wl bp9cbjyn s45kfl79 emlxlaya bkmhp75w spb7xbtv rt8b4zig n8ej3o3l agehan2d sk4xxmp2 rq0escxv j83agx80 taijpn5t jb3vyjys rz4wbd8a qt6c0cv9 a8nywdso l9j0dhe7 qypqp5cg q676j6op tdjehn4e"> could not be scrolled into view
Build info: version: '4.1.0', revision: '87802e897b'
System info: host: 'LAPTOP-O4NF5TBL', ip: '192.168.43.139', os.name: 'Windows 10', os.arch: 'amd64', os.version: '10.0', java.version: '16.0.1'
Driver info: org.openqa.selenium.firefox.FirefoxDriver
Command: [bb993e55-272d-40fa-997f-7296d8b1327c, clickElement {id=9fc864a4-3b5c-48ae-86be-248b86e0495b}]
Capabilities {acceptInsecureCerts: true, browserName: firefox, browserVersion: 96.0.2, javascriptEnabled: true, moz:accessibilityChecks: false, moz:buildID: 20220119190439, moz:debuggerAddress: localhost:60105, moz:geckodriverVersion: 0.30.0, moz:headless: false, moz:processID: 6204, moz:profile: C:\Users\reddy\AppData\Loca..., moz:shutdownTimeout: 60000, moz:useNonSpecCompliantPointerOrigin: false, moz:webdriverClick: true, pageLoadStrategy: normal, platform: WINDOWS, platformName: WINDOWS, platformVersion: 10.0, proxy: Proxy(), se:cdp: ws://localhost:60105/devtoo..., se:cdpVersion: 85, setWindowRect: true, strictFileInteractability: false, timeouts: {implicit: 0, pageLoad: 300000, script: 30000}, unhandledPromptBehavior: dismiss and notify}
Element: [[FirefoxDriver: firefox on WINDOWS (bb993e55-272d-40fa-997f-7296d8b1327c)] -> xpath: (//div[@aria-label='Messenger'])[1]]
Session ID: bb993e55-272d-40fa-997f-7296d8b1327c
at org.openqa.selenium.remote.codec.w3c.W3CHttpResponseCodec.createException(W3CHttpResponseCodec.java:200)
at org.openqa.selenium.remote.codec.w3c.W3CHttpResponseCodec.decode(W3CHttpResponseCodec.java:133)
at org.openqa.selenium.remote.codec.w3c.W3CHttpResponseCodec.decode(W3CHttpResponseCodec.java:53)
at org.openqa.selenium.remote.HttpCommandExecutor.execute(HttpCommandExecutor.java:184)
at org.openqa.selenium.remote.service.DriverCommandExecutor.invokeExecute(DriverCommandExecutor.java:164)
at org.openqa.selenium.remote.service.DriverCommandExecutor.execute(DriverCommandExecutor.java:139)
at org.openqa.selenium.remote.RemoteWebDriver.execute(RemoteWebDriver.java:559)
at org.openqa.selenium.remote.RemoteWebElement.execute(RemoteWebElement.java:251)
at org.openqa.selenium.remote.RemoteWebElement.click(RemoteWebElement.java:77)
at org.openqa.selenium.support.pagefactory.internal.LocatingElementHandler.invoke(LocatingElementHandler.java:52)
at jdk.proxy2/jdk.proxy2.$Proxy21.click(Unknown Source)
at pom.pack.HomePage.clickOnMessangertab(HomePage.java:44)
at Test.pack.TestNGClass.toVarifyMessangerTab(TestNGClass.java:69)
at java.base/java.util.ArrayList.forEach(ArrayList.java:1511)
... Removed 36 stack frames]]>
    </failure>
  </testcase> <!-- toVarifyMessangerTab -->
  <testcase classname="Test.pack.TestNGClass" name="toVarifyWatchTab" time="0.0">
    <ignored/>
  </testcase> <!-- toVarifyWatchTab -->
</testsuite> <!-- firefoxTest -->
